Virtuoso Framework License (111) was checked out successfully. Total checkout time was 0.01s.
Loading /escnfs/courses/fa22-cse-40462.01/dropbox/kwilli29/VLSI/.simrc file.
*INFO* (icLic-302) License Virtuoso_Layout_Suite_GXL ("Layout GXL") was used to run Layout L.

Running simulation in directory: "/escnfs/courses/fa22-cse-40462.01/dropbox/kwilli29/VLSI/LVS".



Begin netlist:    Oct 12 23:32:20 2022
	view name list	= ("auLvs" "extracted")
	stop name list	= ("auLvs")
	library name	= "lab3_kwilli29"
	cell name	= "part2_circuit"
	view name	= "extracted"
	globals lib	= "basic"
Running Artist Flat Netlisting ...
*WARNING* Parameter 'lxUseCell' already exists.
End netlist:    Oct 12 23:32:20 2022

Moving original netlist to extNetlist
Removing parasitic components from netlist
	presistors removed:  0
	pcapacitors removed: 0
	pinductors removed:  0
	pdiodes removed:     0
	trans lines removed: 0
	10 nodes merged into 10 nodes


Begin netlist:    Oct 12 23:32:20 2022
	view name list	= ("auLvs" "cmos_sch" "schematic" "symbol")
	stop name list	= ("auLvs")
	library name	= "lab3_kwilli29"
	cell name	= "part2_circuit"
	view name	= "schematic"
	globals lib	= "basic"
Running Artist Flat Netlisting ...
*INFO* (icLic-302) License Virtuoso_Layout_Suite_GXL ("Layout GXL") was used to run Layout L.
End netlist:    Oct 12 23:32:20 2022

Moving original netlist to extNetlist
Removing parasitic components from netlist
	presistors removed:  0
	pcapacitors removed: 0
	pinductors removed:  0
	pdiodes removed:     0
	trans lines removed: 0
	13 nodes merged into 13 nodes

Running netlist comparison program:  LVS
Begin comparison:    Oct 12 23:32:21 2022
@(#)$CDS: LVS version 6.1.7-64b 12/16/2018 07:37 (sjfhw317) $

The net-lists failed to match.

                             layout  schematic
                                instances
        un-matched              0       4      
        rewired                 0       0      
        size errors             0       0      
        pruned                  0       0      
        active                  8       8      
        total                   8       8      

                                  nets
        un-matched              2       3      
        merged                  0       0      
        pruned                  0       0      
        active                  10      11     
        total                   10      11     

                                terminals
        un-matched              1       1      
        matched but
        different type          4       4      
        total                   7       7      
End comparison:      Oct 12 23:32:21 2022
*INFO* (icLic-302) License Virtuoso_Layout_Suite_GXL ("Layout GXL") was used to run Layout L.


Comparison program completed successfully.
