\o Program:		@(#)$CDS: libManager version 6.1.7 - CAT35 10/30/2018 21:08 (sjfnl050) $
\o Sub version:		sub-version  s231 
\o Arguments:		-unmapped -mpssession virtuoso27061 -mpshost student06.cse.nd.edu 
\o Working Directory:	student06.cse.nd.edu:/escnfs/courses/fa22-cse-40462.01/dropbox/kwilli29/VLSI/lab2_kwilli29
\o 64-bit offsets
\o Qt version: 		4.8.5
\o changeWorkingDir("/escnfs/courses/fa22-cse-40462.01/dropbox/kwilli29/VLSI/lab2_kwilli29") unnecessary.
\o ddSetForcedLib("") unnecessary.
\o Log file is "/escnfs/courses/fa22-cse-40462.01/dropbox/kwilli29/VLSI/lab2_kwilli29/libManager.log".
\o Opening libManager window.
\a nrSetWindowVisibility(cdsLibManager "show")
\o MPS service: map window
\a nrSetCurrentWindow(cdsLibManager)
\o Library Manager customization server connected.
\a nrResizeWindow(cdsLibManager list(190 82 949 571))
\a _lmgrCloseIconify("cdsLibManager" 1)
\o MPS service: shutdown
\o libManager is exiting.
\a nrSetWindowVisibility(cdsLibManager "hide")
\a exit(0)
